15-06-2025 02:06:22 PM INFO  --- [main] c.example.logback.LogbackApplication : Starting LogbackApplication v1.0.0 using Java 24.0.1 with PID 26400 (E:\Professional\Practice\spring-logging\logback\target\logback-1.0.0.jar started by mbakh in E:\Professional\Practice\spring-logging\logback)
15-06-2025 02:06:22 PM DEBUG --- [main] c.example.logback.LogbackApplication : Running with Spring Boot v3.5.0, Spring v6.2.7
15-06-2025 02:06:22 PM INFO  --- [main] c.example.logback.LogbackApplication : No active profile set, falling back to 1 default profile: "default"
15-06-2025 02:06:23 PM INFO  --- [main] o.s.b.w.e.tomcat.TomcatWebServer : Tomcat initialized with port 8080 (http)
15-06-2025 02:06:23 PM INFO  --- [main] o.a.coyote.http11.Http11NioProtocol : Initializing ProtocolHandler ["http-nio-8080"]
15-06-2025 02:06:23 PM INFO  --- [main] o.a.catalina.core.StandardService : Starting service [Tomcat]
15-06-2025 02:06:23 PM INFO  --- [main] o.a.catalina.core.StandardEngine : Starting Servlet engine: [Apache Tomcat/10.1.41]
15-06-2025 02:06:23 PM INFO  --- [main] o.a.c.c.C.[Tomcat].[localhost].[/] : Initializing Spring embedded WebApplicationContext
15-06-2025 02:06:23 PM INFO  --- [main] o.s.b.w.s.c.ServletWebServerApplicationContext : Root WebApplicationContext: initialization completed in 1433 ms
15-06-2025 02:06:24 PM INFO  --- [main] o.a.coyote.http11.Http11NioProtocol : Starting ProtocolHandler ["http-nio-8080"]
15-06-2025 02:06:24 PM INFO  --- [main] o.s.b.w.e.tomcat.TomcatWebServer : Tomcat started on port 8080 (http) with context path '/'
15-06-2025 02:06:24 PM INFO  --- [main] c.example.logback.LogbackApplication : Started LogbackApplication in 3.478 seconds (process running for 4.386)
15-06-2025 02:06:24 PM ERROR --- [main] c.example.logback.LogbackApplication : welcome to the 'Logback' world
15-06-2025 02:06:24 PM WARN  --- [main] c.example.logback.LogbackApplication : welcome to the 'Logback' world
15-06-2025 02:06:24 PM INFO  --- [main] c.example.logback.LogbackApplication : welcome to the 'Logback' world
15-06-2025 02:06:24 PM DEBUG --- [main] c.example.logback.LogbackApplication : welcome to the 'Logback' world
15-06-2025 02:06:24 PM TRACE --- [main] c.example.logback.LogbackApplication : welcome to the 'Logback' world
15-06-2025 02:07:13 PM INFO  --- [http-nio-8080-exec-4] o.a.c.c.C.[Tomcat].[localhost].[/] : Initializing Spring DispatcherServlet 'dispatcherServlet'
15-06-2025 02:07:13 PM INFO  --- [http-nio-8080-exec-4] o.s.web.servlet.DispatcherServlet : Initializing Servlet 'dispatcherServlet'
15-06-2025 02:07:13 PM INFO  --- [http-nio-8080-exec-4] o.s.web.servlet.DispatcherServlet : Completed initialization in 2 ms
15-06-2025 02:07:13 PM INFO  --- [http-nio-8080-exec-4] c.example.logback.LogbackApplication : bye bye
15-06-2025 02:18:20 PM INFO  --- [SpringApplicationShutdownHook] o.s.b.w.e.tomcat.GracefulShutdown : Commencing graceful shutdown. Waiting for active requests to complete
15-06-2025 02:18:21 PM INFO  --- [tomcat-shutdown] o.s.b.w.e.tomcat.GracefulShutdown : Graceful shutdown complete
